This is pdfTeX, Version 3.141592653-2.6-1.40.24 (TeX Live 2022/nixos.org) (preloaded format=pdflatex 1980.1.1)  4 DEC 2024 14:21
entering extended mode
 \write18 enabled.
 %&-line parsing enabled.
**thesis.tex
(./thesis.tex
LaTeX2e <2022-11-01> patch level 1
L3 programming layer <2023-02-22> (./utuftthesis.cls
Document Class: utuftthesis 2023/08/02 UTU FT dept BSc/MSc thesis

(/nix/store/vmjws23qz6xnl353mysiqmzl39ril33l-texlive-combined-2022-texmfdist/te
x/latex/kvoptions/kvoptions.sty
Package: kvoptions 2022-06-15 v3.15 Key value format for package options (HO)

(/nix/store/vmjws23qz6xnl353mysiqmzl39ril33l-texlive-combined-2022-texmfdist/te
x/latex/graphics/keyval.sty
Package: keyval 2022/05/29 v1.15 key=value parser (DPC)
\KV@toks@=\toks16
)
(/nix/store/vmjws23qz6xnl353mysiqmzl39ril33l-texlive-combined-2022-texmfdist/te
x/generic/ltxcmds/ltxcmds.sty
Package: ltxcmds 2020-05-10 v1.25 LaTeX kernel commands for general use (HO)
)
(/nix/store/vmjws23qz6xnl353mysiqmzl39ril33l-texlive-combined-2022-texmfdist/te
x/latex/kvsetkeys/kvsetkeys.sty
Package: kvsetkeys 2022-10-05 v1.19 Key value parser (HO)
))
(/nix/store/vmjws23qz6xnl353mysiqmzl39ril33l-texlive-combined-2022-texmfdist/te
x/latex/adjustbox/adjustbox.sty
Package: adjustbox 2022/10/17 v1.3a Adjusting TeX boxes (trim, clip, ...)

(/nix/store/vmjws23qz6xnl353mysiqmzl39ril33l-texlive-combined-2022-texmfdist/te
x/latex/xkeyval/xkeyval.sty
Package: xkeyval 2022/06/16 v2.9 package option processing (HA)

(/nix/store/vmjws23qz6xnl353mysiqmzl39ril33l-texlive-combined-2022-texmfdist/te
x/generic/xkeyval/xkeyval.tex
(/nix/store/vmjws23qz6xnl353mysiqmzl39ril33l-texlive-combined-2022-texmfdist/te
x/generic/xkeyval/xkvutils.tex
\XKV@toks=\toks17
\XKV@tempa@toks=\toks18
)
\XKV@depth=\count185
File: xkeyval.tex 2014/12/03 v2.7a key=value parser (HA)
))
(/nix/store/vmjws23qz6xnl353mysiqmzl39ril33l-texlive-combined-2022-texmfdist/te
x/latex/adjustbox/adjcalc.sty
Package: adjcalc 2012/05/16 v1.1 Provides advanced setlength with multiple back
-ends (calc, etex, pgfmath)
)
(/nix/store/vmjws23qz6xnl353mysiqmzl39ril33l-texlive-combined-2022-texmfdist/te
x/latex/adjustbox/trimclip.sty
Package: trimclip 2020/08/19 v1.2 Trim and clip general TeX material

(/nix/store/vmjws23qz6xnl353mysiqmzl39ril33l-texlive-combined-2022-texmfdist/te
x/latex/graphics/graphicx.sty
Package: graphicx 2021/09/16 v1.2d Enhanced LaTeX Graphics (DPC,SPQR)

(/nix/store/vmjws23qz6xnl353mysiqmzl39ril33l-texlive-combined-2022-texmfdist/te
x/latex/graphics/graphics.sty
Package: graphics 2022/03/10 v1.4e Standard LaTeX Graphics (DPC,SPQR)

(/nix/store/vmjws23qz6xnl353mysiqmzl39ril33l-texlive-combined-2022-texmfdist/te
x/latex/graphics/trig.sty
Package: trig 2021/08/11 v1.11 sin cos tan (DPC)
)
(/nix/store/vmjws23qz6xnl353mysiqmzl39ril33l-texlive-combined-2022-texmfdist/te
x/latex/graphics-cfg/graphics.cfg
File: graphics.cfg 2016/06/04 v1.11 sample graphics configuration
)
Package graphics Info: Driver file: pdftex.def on input line 107.

(/nix/store/vmjws23qz6xnl353mysiqmzl39ril33l-texlive-combined-2022-texmfdist/te
x/latex/graphics-def/pdftex.def
File: pdftex.def 2022/09/22 v1.2b Graphics/color driver for pdftex
))
\Gin@req@height=\dimen140
\Gin@req@width=\dimen141
)
(/nix/store/vmjws23qz6xnl353mysiqmzl39ril33l-texlive-combined-2022-texmfdist/te
x/latex/collectbox/collectbox.sty
Package: collectbox 2022/10/17 v0.4c Collect macro arguments as boxes
\collectedbox=\box51
)
\tc@llx=\dimen142
\tc@lly=\dimen143
\tc@urx=\dimen144
\tc@ury=\dimen145
Package trimclip Info: Using driver 'tc-pdftex.def'.

(/nix/store/vmjws23qz6xnl353mysiqmzl39ril33l-texlive-combined-2022-texmfdist/te
x/latex/adjustbox/tc-pdftex.def
File: tc-pdftex.def 2019/01/04 v2.2 Clipping driver for pdftex
))
\adjbox@Width=\dimen146
\adjbox@Height=\dimen147
\adjbox@Depth=\dimen148
\adjbox@Totalheight=\dimen149
\adjbox@pwidth=\dimen150
\adjbox@pheight=\dimen151
\adjbox@pdepth=\dimen152
\adjbox@ptotalheight=\dimen153

(/nix/store/vmjws23qz6xnl353mysiqmzl39ril33l-texlive-combined-2022-texmfdist/te
x/latex/ifoddpage/ifoddpage.sty
Package: ifoddpage 2022/10/18 v1.2 Conditionals for odd/even page detection
\c@checkoddpage=\count186
)
(/nix/store/vmjws23qz6xnl353mysiqmzl39ril33l-texlive-combined-2022-texmfdist/te
x/latex/varwidth/varwidth.sty
Package: varwidth 2009/03/30 ver 0.92;  Variable-width minipages
\@vwid@box=\box52
\sift@deathcycles=\count187
\@vwid@loff=\dimen154
\@vwid@roff=\dimen155
))
(/nix/store/vmjws23qz6xnl353mysiqmzl39ril33l-texlive-combined-2022-texmfdist/te
x/latex/etoolbox/etoolbox.sty
Package: etoolbox 2020/10/05 v2.5k e-TeX tools for LaTeX (JAW)
\etb@tempcnta=\count188
)
(/nix/store/vmjws23qz6xnl353mysiqmzl39ril33l-texlive-combined-2022-texmfdist/te
x/latex/base/ifthen.sty
Package: ifthen 2022/04/13 v1.1d Standard LaTeX ifthen package (DPC)
)
(/nix/store/vmjws23qz6xnl353mysiqmzl39ril33l-texlive-combined-2022-texmfdist/te
x/generic/iftex/ifxetex.sty
Package: ifxetex 2019/10/25 v0.7 ifxetex legacy package. Use iftex instead.

(/nix/store/vmjws23qz6xnl353mysiqmzl39ril33l-texlive-combined-2022-texmfdist/te
x/generic/iftex/iftex.sty
Package: iftex 2022/02/03 v1.0f TeX engine tests
))
(/nix/store/vmjws23qz6xnl353mysiqmzl39ril33l-texlive-combined-2022-texmfdist/te
x/latex/fancyhdr/fancyhdr.sty
Package: fancyhdr 2022/11/09 v4.1 Extensive control of page headers and footers

\f@nch@headwidth=\skip48
\f@nch@O@elh=\skip49
\f@nch@O@erh=\skip50
\f@nch@O@olh=\skip51
\f@nch@O@orh=\skip52
\f@nch@O@elf=\skip53
\f@nch@O@erf=\skip54
\f@nch@O@olf=\skip55
\f@nch@O@orf=\skip56
)
(/nix/store/vmjws23qz6xnl353mysiqmzl39ril33l-texlive-combined-2022-texmfdist/te
x/generic/xstring/xstring.sty
(/nix/store/vmjws23qz6xnl353mysiqmzl39ril33l-texlive-combined-2022-texmfdist/te
x/generic/xstring/xstring.tex
\integerpart=\count189
\decimalpart=\count190
)
Package: xstring 2023/01/14 v1.85 String manipulations (CT)
)
(/nix/store/vmjws23qz6xnl353mysiqmzl39ril33l-texlive-combined-2022-texmfdist/te
x/latex/zref/zref.sty
Package: zref 2022-04-07 v2.34 A new reference scheme for LaTeX (HO)

(/nix/store/vmjws23qz6xnl353mysiqmzl39ril33l-texlive-combined-2022-texmfdist/te
x/latex/zref/zref-base.sty
Package: zref-base 2022-04-07 v2.34 Module base for zref (HO)

(/nix/store/vmjws23qz6xnl353mysiqmzl39ril33l-texlive-combined-2022-texmfdist/te
x/generic/infwarerr/infwarerr.sty
Package: infwarerr 2019/12/03 v1.5 Providing info/warning/error messages (HO)
)
(/nix/store/vmjws23qz6xnl353mysiqmzl39ril33l-texlive-combined-2022-texmfdist/te
x/generic/kvdefinekeys/kvdefinekeys.sty
Package: kvdefinekeys 2019-12-19 v1.6 Define keys (HO)
)
(/nix/store/vmjws23qz6xnl353mysiqmzl39ril33l-texlive-combined-2022-texmfdist/te
x/generic/pdftexcmds/pdftexcmds.sty
Package: pdftexcmds 2020-06-27 v0.33 Utility functions of pdfTeX for LuaTeX (HO
)
Package pdftexcmds Info: \pdf@primitive is available.
Package pdftexcmds Info: \pdf@ifprimitive is available.
Package pdftexcmds Info: \pdfdraftmode found.
)
(/nix/store/vmjws23qz6xnl353mysiqmzl39ril33l-texlive-combined-2022-texmfdist/te
x/generic/etexcmds/etexcmds.sty
Package: etexcmds 2019/12/15 v1.7 Avoid name clashes with e-TeX commands (HO)
)
(/nix/store/vmjws23qz6xnl353mysiqmzl39ril33l-texlive-combined-2022-texmfdist/te
x/latex/auxhook/auxhook.sty
Package: auxhook 2019-12-17 v1.6 Hooks for auxiliary files (HO)
)
Package zref Info: New property list: main on input line 767.
Package zref Info: New property: default on input line 768.
Package zref Info: New property: page on input line 769.
))
(/nix/store/vmjws23qz6xnl353mysiqmzl39ril33l-texlive-combined-2022-texmfdist/te
x/latex/zref/zref-lastpage.sty
Package: zref-lastpage 2022-04-07 v2.34 Module lastpage for zref (HO)

(/nix/store/vmjws23qz6xnl353mysiqmzl39ril33l-texlive-combined-2022-texmfdist/te
x/latex/zref/zref-abspage.sty
Package: zref-abspage 2022-04-07 v2.34 Module abspage for zref (HO)

(/nix/store/vmjws23qz6xnl353mysiqmzl39ril33l-texlive-combined-2022-texmfdist/te
x/latex/base/atbegshi-ltx.sty
Package: atbegshi-ltx 2021/01/10 v1.0c Emulation of the original atbegshi
package with kernel methods
)
\c@abspage=\count191
Package zref Info: New property: abspage on input line 65.
)
(/nix/store/vmjws23qz6xnl353mysiqmzl39ril33l-texlive-combined-2022-texmfdist/te
x/latex/base/atveryend-ltx.sty
Package: atveryend-ltx 2020/08/19 v1.0a Emulation of the original atveryend pac
kage
with kernel methods
)
Package zref Info: New property list: LastPage on input line 58.
)
(/nix/store/vmjws23qz6xnl353mysiqmzl39ril33l-texlive-combined-2022-texmfdist/te
x/latex/zref/zref-totpages.sty
Package: zref-totpages 2022-04-07 v2.34 Module totpages for zref (HO)
)
(/nix/store/vmjws23qz6xnl353mysiqmzl39ril33l-texlive-combined-2022-texmfdist/te
x/latex/zref/zref-user.sty
Package: zref-user 2022-04-07 v2.34 Module user for zref (HO)
)
(/nix/store/vmjws23qz6xnl353mysiqmzl39ril33l-texlive-combined-2022-texmfdist/te
x/latex/setspace/setspace.sty
Package: setspace 2022/12/04 v6.7b set line spacing
)
(/nix/store/vmjws23qz6xnl353mysiqmzl39ril33l-texlive-combined-2022-texmfdist/te
x/latex/base/report.cls
Document Class: report 2022/07/02 v1.4n Standard LaTeX document class

(/nix/store/vmjws23qz6xnl353mysiqmzl39ril33l-texlive-combined-2022-texmfdist/te
x/latex/base/size12.clo
File: size12.clo 2022/07/02 v1.4n Standard LaTeX file (size option)
)
\c@part=\count192
\c@chapter=\count193
\c@section=\count194
\c@subsection=\count195
\c@subsubsection=\count196
\c@paragraph=\count197
\c@subparagraph=\count198
\c@figure=\count199
\c@table=\count266
\abovecaptionskip=\skip57
\belowcaptionskip=\skip58
\bibindent=\dimen156
)
(/nix/store/vmjws23qz6xnl353mysiqmzl39ril33l-texlive-combined-2022-texmfdist/te
x/latex/base/fontenc.sty
Package: fontenc 2021/04/29 v2.0v Standard LaTeX package
)
(/nix/store/vmjws23qz6xnl353mysiqmzl39ril33l-texlive-combined-2022-texmfdist/te
x/latex/base/inputenc.sty
Package: inputenc 2021/02/14 v1.3d Input encoding file
\inpenc@prehook=\toks19
\inpenc@posthook=\toks20
)
(/nix/store/vmjws23qz6xnl353mysiqmzl39ril33l-texlive-combined-2022-texmfdist/te
x/generic/babel/babel.sty
Package: babel 2023/02/13 3.86 The Babel package
\babel@savecnt=\count267
\U@D=\dimen157
\l@unhyphenated=\language87

(/nix/store/vmjws23qz6xnl353mysiqmzl39ril33l-texlive-combined-2022-texmfdist/te
x/generic/babel/txtbabel.def)
\bbl@readstream=\read2
\bbl@dirlevel=\count268

(/nix/store/vmjws23qz6xnl353mysiqmzl39ril33l-texlive-combined-2022-texmfdist/te
x/generic/babel-finnish/finnish.ldf
Language: finnish 2021/02/06 v1.3s Finnish support from the babel system
Package babel Info: Making " an active character on input line 85.
)
(/nix/store/vmjws23qz6xnl353mysiqmzl39ril33l-texlive-combined-2022-texmfdist/te
x/generic/babel-english/english.ldf
Language: english 2017/06/06 v3.3r English support from the babel system
Package babel Info: Hyphen rules for 'canadian' set to \l@english
(babel)             (\language0). Reported on input line 102.
Package babel Info: Hyphen rules for 'australian' set to \l@ukenglish
(babel)             (\language21). Reported on input line 105.
Package babel Info: Hyphen rules for 'newzealand' set to \l@ukenglish
(babel)             (\language21). Reported on input line 108.
))
(/nix/store/vmjws23qz6xnl353mysiqmzl39ril33l-texlive-combined-2022-texmfdist/te
x/generic/babel/locale/en/babel-english.tex
Package babel Info: Importing font and identification data for english
(babel)             from babel-en.ini. Reported on input line 11.
)
(/nix/store/vmjws23qz6xnl353mysiqmzl39ril33l-texlive-combined-2022-texmfdist/te
x/generic/babel/locale/fi/babel-finnish.tex
Package babel Info: Importing font and identification data for finnish
(babel)             from babel-fi.ini. Reported on input line 11.
)
(/nix/store/vmjws23qz6xnl353mysiqmzl39ril33l-texlive-combined-2022-texmfdist/te
x/generic/colorprofiles/colorprofiles.sty
Package: colorprofiles 2018/11/01 v1.0.1 color profiles for PDF/X and PDF/A sup
port

(/nix/store/vmjws23qz6xnl353mysiqmzl39ril33l-texlive-combined-2022-texmfdist/te
x/generic/colorprofiles/colorprofiles.tex))
(/nix/store/vmjws23qz6xnl353mysiqmzl39ril33l-texlive-combined-2022-texmfdist/te
x/latex/pdfx/pdfx.sty
Package: pdfx 2019/02/27 v1.6.3 PDF/X and PDF/A support (CVR/HTH/RRM/PS)
\pdfx@minorversion=\count269

(/nix/store/vmjws23qz6xnl353mysiqmzl39ril33l-texlive-combined-2022-texmfdist/te
x/generic/iftex/ifpdf.sty
Package: ifpdf 2019/10/25 v3.4 ifpdf legacy package. Use iftex instead.
)
(/nix/store/vmjws23qz6xnl353mysiqmzl39ril33l-texlive-combined-2022-texmfdist/te
x/latex/everyshi/everyshi.sty
Package: everyshi 2020/11/18 v4.00 EveryShipout Package
)
(/nix/store/vmjws23qz6xnl353mysiqmzl39ril33l-texlive-combined-2022-texmfdist/te
x/generic/iftex/ifluatex.sty
Package: ifluatex 2019/10/25 v1.5 ifluatex legacy package. Use iftex instead.
){/nix/store/sp6dc14kykb36vz6ggvgwkwfi5jyvpw5-texlive-combined-2022/share/texmf
-var/fonts/map/pdftex/updmap/pdftex.map}
(/nix/store/vmjws23qz6xnl353mysiqmzl39ril33l-texlive-combined-2022-texmfdist/te
x/latex/pdfx/l8u-penc.def
File: l8u-penc.def 2017/06/23 v0.8 Custom LaTeX file, for UTF8 encoded letters 
and symbols
LaTeX Info: Composite with undeclared \b in encoding L8U on input line 278.

(/nix/store/vmjws23qz6xnl353mysiqmzl39ril33l-texlive-combined-2022-texmfdist/te
x/latex/pdfx/l8ugrk-penc.def
File: l8ugrk-penc.def 2018/11/28 v0.6 Greek support for UTF8 in XMP metadata
)
(/nix/store/vmjws23qz6xnl353mysiqmzl39ril33l-texlive-combined-2022-texmfdist/te
x/latex/pdfx/l8umath-penc.def
File: l8umath-penc.def 2017/06/23 v0.6 Custom LaTeX file, for UTF8 encoded math
 symbols
))
\pdfxsafeforxmp@toks=\toks21

(/nix/store/vmjws23qz6xnl353mysiqmzl39ril33l-texlive-combined-2022-texmfdist/te
x/latex/xcolor/xcolor.sty
Package: xcolor 2022/06/12 v2.14 LaTeX color extensions (UK)

(/nix/store/vmjws23qz6xnl353mysiqmzl39ril33l-texlive-combined-2022-texmfdist/te
x/latex/graphics-cfg/color.cfg
File: color.cfg 2016/01/02 v1.6 sample color configuration
)
Package xcolor Info: Driver file: pdftex.def on input line 227.

(/nix/store/vmjws23qz6xnl353mysiqmzl39ril33l-texlive-combined-2022-texmfdist/te
x/latex/graphics/mathcolor.ltx)
Package xcolor Info: Model `cmy' substituted by `cmy0' on input line 1353.
Package xcolor Info: Model `hsb' substituted by `rgb' on input line 1357.
Package xcolor Info: Model `RGB' extended on input line 1369.
Package xcolor Info: Model `HTML' substituted by `rgb' on input line 1371.
Package xcolor Info: Model `Hsb' substituted by `hsb' on input line 1372.
Package xcolor Info: Model `tHsb' substituted by `hsb' on input line 1373.
Package xcolor Info: Model `HSB' substituted by `hsb' on input line 1374.
Package xcolor Info: Model `Gray' substituted by `gray' on input line 1375.
Package xcolor Info: Model `wave' substituted by `hsb' on input line 1376.
)
\pdfx@tmptoks=\toks22

(/nix/store/vmjws23qz6xnl353mysiqmzl39ril33l-texlive-combined-2022-texmfdist/te
x/latex/hyperref/hyperref.sty
Package: hyperref 2023-02-07 v7.00v Hypertext links for LaTeX

(/nix/store/vmjws23qz6xnl353mysiqmzl39ril33l-texlive-combined-2022-texmfdist/te
x/generic/pdfescape/pdfescape.sty
Package: pdfescape 2019/12/09 v1.15 Implements pdfTeX's escape features (HO)
)
(/nix/store/vmjws23qz6xnl353mysiqmzl39ril33l-texlive-combined-2022-texmfdist/te
x/latex/hycolor/hycolor.sty
Package: hycolor 2020-01-27 v1.10 Color options for hyperref/bookmark (HO)
)
(/nix/store/vmjws23qz6xnl353mysiqmzl39ril33l-texlive-combined-2022-texmfdist/te
x/latex/letltxmacro/letltxmacro.sty
Package: letltxmacro 2019/12/03 v1.6 Let assignment for LaTeX macros (HO)
)
(/nix/store/vmjws23qz6xnl353mysiqmzl39ril33l-texlive-combined-2022-texmfdist/te
x/latex/hyperref/nameref.sty
Package: nameref 2022-05-17 v2.50 Cross-referencing by name of section

(/nix/store/vmjws23qz6xnl353mysiqmzl39ril33l-texlive-combined-2022-texmfdist/te
x/latex/refcount/refcount.sty
Package: refcount 2019/12/15 v3.6 Data extraction from label references (HO)
)
(/nix/store/vmjws23qz6xnl353mysiqmzl39ril33l-texlive-combined-2022-texmfdist/te
x/generic/gettitlestring/gettitlestring.sty
Package: gettitlestring 2019/12/15 v1.6 Cleanup title references (HO)
)
\c@section@level=\count270
)
\@linkdim=\dimen158
\Hy@linkcounter=\count271
\Hy@pagecounter=\count272

(/nix/store/vmjws23qz6xnl353mysiqmzl39ril33l-texlive-combined-2022-texmfdist/te
x/latex/hyperref/pd1enc.def
File: pd1enc.def 2023-02-07 v7.00v Hyperref: PDFDocEncoding definition (HO)
)
(/nix/store/vmjws23qz6xnl353mysiqmzl39ril33l-texlive-combined-2022-texmfdist/te
x/generic/intcalc/intcalc.sty
Package: intcalc 2019/12/15 v1.3 Expandable calculations with integers (HO)
)
\Hy@SavedSpaceFactor=\count273

(/nix/store/vmjws23qz6xnl353mysiqmzl39ril33l-texlive-combined-2022-texmfdist/te
x/latex/hyperref/puenc.def
File: puenc.def 2023-02-07 v7.00v Hyperref: PDF Unicode definition (HO)

(/nix/store/vmjws23qz6xnl353mysiqmzl39ril33l-texlive-combined-2022-texmfdist/te
x/latex/hyperref/puenc-greekbasic.def
File: puenc-greekbasic.def 2023-02-07 v7.00v Hyperref: PDF Unicode definition (
greek block) (HO)
))
Package hyperref Info: Option `pdfa' set `true' on input line 4060.
Package hyperref Info: Hyper figures OFF on input line 4177.
Package hyperref Info: Link nesting OFF on input line 4182.
Package hyperref Info: Hyper index ON on input line 4185.
Package hyperref Info: Plain pages OFF on input line 4192.
Package hyperref Info: Backreferencing OFF on input line 4197.
Package hyperref Info: Implicit mode ON; LaTeX internals redefined.
Package hyperref Info: Bookmarks ON on input line 4425.
\c@Hy@tempcnt=\count274

(/nix/store/vmjws23qz6xnl353mysiqmzl39ril33l-texlive-combined-2022-texmfdist/te
x/latex/url/url.sty
\Urlmuskip=\muskip16
Package: url 2013/09/16  ver 3.4  Verb mode for urls, etc.
)
LaTeX Info: Redefining \url on input line 4763.
\XeTeXLinkMargin=\dimen159

(/nix/store/vmjws23qz6xnl353mysiqmzl39ril33l-texlive-combined-2022-texmfdist/te
x/generic/bitset/bitset.sty
Package: bitset 2019/12/09 v1.3 Handle bit-vector datatype (HO)

(/nix/store/vmjws23qz6xnl353mysiqmzl39ril33l-texlive-combined-2022-texmfdist/te
x/generic/bigintcalc/bigintcalc.sty
Package: bigintcalc 2019/12/15 v1.5 Expandable calculations on big integers (HO
)
))
\Fld@menulength=\count275
\Field@Width=\dimen160
\Fld@charsize=\dimen161
Package hyperref Info: Hyper figures OFF on input line 6042.
Package hyperref Info: Link nesting OFF on input line 6047.
Package hyperref Info: Hyper index ON on input line 6050.
Package hyperref Info: backreferencing OFF on input line 6057.
Package hyperref Info: Link coloring OFF on input line 6062.
Package hyperref Info: Link coloring with OCG OFF on input line 6067.
Package hyperref Info: PDF/A mode ON on input line 6070.
\Hy@abspage=\count276
\c@Item=\count277
\c@Hfootnote=\count278
)
Package hyperref Info: Driver: hpdftex.

(/nix/store/vmjws23qz6xnl353mysiqmzl39ril33l-texlive-combined-2022-texmfdist/te
x/latex/hyperref/hpdftex.def
File: hpdftex.def 2023-02-07 v7.00v Hyperref driver for pdfTeX
\HyAnn@Count=\count279
\Fld@listcount=\count280
\c@bookmark@seq@number=\count281

(/nix/store/vmjws23qz6xnl353mysiqmzl39ril33l-texlive-combined-2022-texmfdist/te
x/latex/rerunfilecheck/rerunfilecheck.sty
Package: rerunfilecheck 2022-07-10 v1.10 Rerun checks for auxiliary files (HO)

(/nix/store/vmjws23qz6xnl353mysiqmzl39ril33l-texlive-combined-2022-texmfdist/te
x/generic/uniquecounter/uniquecounter.sty
Package: uniquecounter 2019/12/15 v1.4 Provide unlimited unique counter (HO)
)
Package uniquecounter Info: New unique counter `rerunfilecheck' on input line 2
85.
)
\Hy@SectionHShift=\skip59
)
Package hyperref Info: Option `unicode' set `true' on input line 1463.

(/nix/store/vmjws23qz6xnl353mysiqmzl39ril33l-texlive-combined-2022-texmfdist/te
x/generic/stringenc/stringenc.sty
Package: stringenc 2019/11/29 v1.12 Convert strings between diff. encodings (HO
)
)
Package hyperref Info: Option `psdextra' set `true' on input line 1465.

(/nix/store/vmjws23qz6xnl353mysiqmzl39ril33l-texlive-combined-2022-texmfdist/te
x/latex/hyperref/psdextra.def
File: psdextra.def 2023-02-07 v7.00v Hyperref: Additions to PDF string support
)
(/nix/store/vmjws23qz6xnl353mysiqmzl39ril33l-texlive-combined-2022-texmfdist/te
x/generic/stringenc/se-pdfdoc.def
File: se-pdfdoc.def 2019/11/29 v1.12 stringenc: PDFDocEncoding
)
(/nix/store/vmjws23qz6xnl353mysiqmzl39ril33l-texlive-combined-2022-texmfdist/te
x/latex/pdfx/AdobeColorProfiles.tex)
(/nix/store/vmjws23qz6xnl353mysiqmzl39ril33l-texlive-combined-2022-texmfdist/te
x/latex/pdfx/8bit.def
File: 8bit.def 2008/03/30 v1.1d Input encoding file
)
** pdfx: Metadata file thesis.xmpdata read successfully.
(./thesis.xmpdata)<<sRGB.icc>>
(/nix/store/vmjws23qz6xnl353mysiqmzl39ril33l-texlive-combined-2022-texmfdist/te
x/latex/pdfx/8bit.def
File: 8bit.def 2008/03/30 v1.1d Input encoding file
)
(/nix/store/vmjws23qz6xnl353mysiqmzl39ril33l-texlive-combined-2022-texmfdist/te
x/latex/pdfx/8bit.def
File: 8bit.def 2008/03/30 v1.1d Input encoding file
)
(/nix/store/vmjws23qz6xnl353mysiqmzl39ril33l-texlive-combined-2022-texmfdist/te
x/generic/stringenc/se-utf8.def
File: se-utf8.def 2019/11/29 v1.12 stringenc: UTF-8
)
Package hyperref Info: Option `unicode' set `true' on input line 2411.
Package hyperref Info: Option `unicode' set `true' on input line 2412.

(/nix/store/vmjws23qz6xnl353mysiqmzl39ril33l-texlive-combined-2022-texmfdist/te
x/latex/pdfx/8bit.def
File: 8bit.def 2008/03/30 v1.1d Input encoding file
)
(/nix/store/vmjws23qz6xnl353mysiqmzl39ril33l-texlive-combined-2022-texmfdist/te
x/generic/pdftex/glyphtounicode.tex)
(/nix/store/vmjws23qz6xnl353mysiqmzl39ril33l-texlive-combined-2022-texmfdist/te
x/latex/pdfx/glyphtounicode-cmr.tex)
(/nix/store/vmjws23qz6xnl353mysiqmzl39ril33l-texlive-combined-2022-texmfdist/te
x/latex/pdfx/glyphtounicode-ntx.tex)
(/nix/store/vmjws23qz6xnl353mysiqmzl39ril33l-texlive-combined-2022-texmfdist/te
x/latex/xmpincl/xmpincl.sty
Package: xmpincl 2021/09/22 v2.4 Include XMP data in pdflatex
)
(/nix/store/vmjws23qz6xnl353mysiqmzl39ril33l-texlive-combined-2022-texmfdist/te
x/latex/pdfx/8bit.def
File: 8bit.def 2008/03/30 v1.1d Input encoding file
)
Using XMP template file: pdfa.xmp
\xmpinclWrite=\write3
\xmpinclRead=\read3
\openout3 = `pdfa.xmpi'.

<<pdfa.xmpi>>)
(/nix/store/vmjws23qz6xnl353mysiqmzl39ril33l-texlive-combined-2022-texmfdist/te
x/latex/tools/verbatim.sty
Package: verbatim 2022-07-02 v1.5u LaTeX2e package for verbatim enhancements
\every@verbatim=\toks23
\verbatim@line=\toks24
\verbatim@in@stream=\read4
)
(/nix/store/vmjws23qz6xnl353mysiqmzl39ril33l-texlive-combined-2022-texmfdist/te
x/latex/amsfonts/amssymb.sty
Package: amssymb 2013/01/14 v3.01 AMS font symbols

(/nix/store/vmjws23qz6xnl353mysiqmzl39ril33l-texlive-combined-2022-texmfdist/te
x/latex/amsfonts/amsfonts.sty
Package: amsfonts 2013/01/14 v3.01 Basic AMSFonts support
\@emptytoks=\toks25
\symAMSa=\mathgroup4
\symAMSb=\mathgroup5
LaTeX Font Info:    Redeclaring math symbol \hbar on input line 98.
LaTeX Font Info:    Overwriting math alphabet `\mathfrak' in version `bold'
(Font)                  U/euf/m/n --> U/euf/b/n on input line 106.
))
(/nix/store/vmjws23qz6xnl353mysiqmzl39ril33l-texlive-combined-2022-texmfdist/te
x/latex/amscls/amsthm.sty
Package: amsthm 2020/05/29 v2.20.6
\thm@style=\toks26
\thm@bodyfont=\toks27
\thm@headfont=\toks28
\thm@notefont=\toks29
\thm@headpunct=\toks30
\thm@preskip=\skip60
\thm@postskip=\skip61
\thm@headsep=\skip62
\dth@everypar=\toks31
)
(/nix/store/vmjws23qz6xnl353mysiqmzl39ril33l-texlive-combined-2022-texmfdist/te
x/latex/amsmath/amsmath.sty
Package: amsmath 2022/04/08 v2.17n AMS math features
\@mathmargin=\skip63

For additional information on amsmath, use the `?' option.

(/nix/store/vmjws23qz6xnl353mysiqmzl39ril33l-texlive-combined-2022-texmfdist/te
x/latex/amsmath/amstext.sty
Package: amstext 2021/08/26 v2.01 AMS text

(/nix/store/vmjws23qz6xnl353mysiqmzl39ril33l-texlive-combined-2022-texmfdist/te
x/latex/amsmath/amsgen.sty
File: amsgen.sty 1999/11/30 v2.0 generic functions
\@emptytoks=\toks32
\ex@=\dimen162
))
(/nix/store/vmjws23qz6xnl353mysiqmzl39ril33l-texlive-combined-2022-texmfdist/te
x/latex/amsmath/amsbsy.sty
Package: amsbsy 1999/11/29 v1.2d Bold Symbols
\pmbraise@=\dimen163
)
(/nix/store/vmjws23qz6xnl353mysiqmzl39ril33l-texlive-combined-2022-texmfdist/te
x/latex/amsmath/amsopn.sty
Package: amsopn 2022/04/08 v2.04 operator names
)
\inf@bad=\count282
LaTeX Info: Redefining \frac on input line 234.
\uproot@=\count283
\leftroot@=\count284
LaTeX Info: Redefining \overline on input line 399.
LaTeX Info: Redefining \colon on input line 410.
\classnum@=\count285
\DOTSCASE@=\count286
LaTeX Info: Redefining \ldots on input line 496.
LaTeX Info: Redefining \dots on input line 499.
LaTeX Info: Redefining \cdots on input line 620.
\Mathstrutbox@=\box53
\strutbox@=\box54
LaTeX Info: Redefining \big on input line 722.
LaTeX Info: Redefining \Big on input line 723.
LaTeX Info: Redefining \bigg on input line 724.
LaTeX Info: Redefining \Bigg on input line 725.
\big@size=\dimen164
LaTeX Font Info:    Redeclaring font encoding OML on input line 743.
LaTeX Font Info:    Redeclaring font encoding OMS on input line 744.
\macc@depth=\count287
LaTeX Info: Redefining \bmod on input line 905.
LaTeX Info: Redefining \pmod on input line 910.
LaTeX Info: Redefining \smash on input line 940.
LaTeX Info: Redefining \relbar on input line 970.
LaTeX Info: Redefining \Relbar on input line 971.
\c@MaxMatrixCols=\count288
\dotsspace@=\muskip17
\c@parentequation=\count289
\dspbrk@lvl=\count290
\tag@help=\toks33
\row@=\count291
\column@=\count292
\maxfields@=\count293
\andhelp@=\toks34
\eqnshift@=\dimen165
\alignsep@=\dimen166
\tagshift@=\dimen167
\tagwidth@=\dimen168
\totwidth@=\dimen169
\lineht@=\dimen170
\@envbody=\toks35
\multlinegap=\skip64
\multlinetaggap=\skip65
\mathdisplay@stack=\toks36
LaTeX Info: Redefining \[ on input line 2953.
LaTeX Info: Redefining \] on input line 2954.
)
(/nix/store/vmjws23qz6xnl353mysiqmzl39ril33l-texlive-combined-2022-texmfdist/te
x/latex/nomencl/nomencl.sty
Package: nomencl 2021/11/10 v5.6 Nomenclature package

(/nix/store/vmjws23qz6xnl353mysiqmzl39ril33l-texlive-combined-2022-texmfdist/te
x/latex/koma-script/tocbasic.sty
Package: tocbasic 2022/10/12 v3.38 KOMA-Script package (handling toc-files)

(/nix/store/vmjws23qz6xnl353mysiqmzl39ril33l-texlive-combined-2022-texmfdist/te
x/latex/koma-script/scrbase.sty
Package: scrbase 2022/10/12 v3.38 KOMA-Script package (KOMA-Script-independent 
basics and keyval usage)

(/nix/store/vmjws23qz6xnl353mysiqmzl39ril33l-texlive-combined-2022-texmfdist/te
x/latex/koma-script/scrlfile.sty
Package: scrlfile 2022/10/12 v3.38 KOMA-Script package (file load hooks)

(/nix/store/vmjws23qz6xnl353mysiqmzl39ril33l-texlive-combined-2022-texmfdist/te
x/latex/koma-script/scrlfile-hook.sty
Package: scrlfile-hook 2022/10/12 v3.38 KOMA-Script package (using LaTeX hooks)


(/nix/store/vmjws23qz6xnl353mysiqmzl39ril33l-texlive-combined-2022-texmfdist/te
x/latex/koma-script/scrlogo.sty
Package: scrlogo 2022/10/12 v3.38 KOMA-Script package (logo)
)))
Applying: [2021/05/01] Usage of raw or classic option list on input line 252.
Already applied: [0000/00/00] Usage of raw or classic option list on input line
 368.
)
\scr@dte@tocline@numberwidth=\skip66
\scr@dte@tocline@numbox=\box55
)
Package tocbasic Info: setting babel extension for `nlo' on input line 187.
Package tocbasic Info: setting babel extension for `nls' on input line 188.
\nomlabelwidth=\dimen171
\nom@tempdim=\dimen172
\nomitemsep=\skip67
)
(/nix/store/vmjws23qz6xnl353mysiqmzl39ril33l-texlive-combined-2022-texmfdist/te
x/latex/listings/listings.sty
\lst@mode=\count294
\lst@gtempboxa=\box56
\lst@token=\toks37
\lst@length=\count295
\lst@currlwidth=\dimen173
\lst@column=\count296
\lst@pos=\count297
\lst@lostspace=\dimen174
\lst@width=\dimen175
\lst@newlines=\count298
\lst@lineno=\count299
\lst@maxwidth=\dimen176

(/nix/store/vmjws23qz6xnl353mysiqmzl39ril33l-texlive-combined-2022-texmfdist/te
x/latex/listings/lstmisc.sty
File: lstmisc.sty 2023/02/27 1.9 (Carsten Heinz)
\c@lstnumber=\count300
\lst@skipnumbers=\count301
\lst@framebox=\box57
)
(/nix/store/vmjws23qz6xnl353mysiqmzl39ril33l-texlive-combined-2022-texmfdist/te
x/latex/listings/listings.cfg
File: listings.cfg 2023/02/27 1.9 listings configuration
))
Package: listings 2023/02/27 1.9 (Carsten Heinz)
\@nomenclaturefile=\write4
\openout4 = `thesis.nlo'.

Package nomencl Info: Writing nomenclature file thesis.nlo on input line 213.

(/nix/store/vmjws23qz6xnl353mysiqmzl39ril33l-texlive-combined-2022-texmfdist/te
x/latex/biblatex/biblatex.sty
Package: biblatex 2023/03/05 v3.19 programmable bibliographies (PK/MW)

(/nix/store/vmjws23qz6xnl353mysiqmzl39ril33l-texlive-combined-2022-texmfdist/te
x/latex/logreq/logreq.sty
Package: logreq 2010/08/04 v1.0 xml request logger
\lrq@indent=\count302

(/nix/store/vmjws23qz6xnl353mysiqmzl39ril33l-texlive-combined-2022-texmfdist/te
x/latex/logreq/logreq.def
File: logreq.def 2010/08/04 v1.0 logreq spec v1.0
))
\c@tabx@nest=\count303
\c@listtotal=\count304
\c@listcount=\count305
\c@liststart=\count306
\c@liststop=\count307
\c@citecount=\count308
\c@citetotal=\count309
\c@multicitecount=\count310
\c@multicitetotal=\count311
\c@instcount=\count312
\c@maxnames=\count313
\c@minnames=\count314
\c@maxitems=\count315
\c@minitems=\count316
\c@citecounter=\count317
\c@maxcitecounter=\count318
\c@savedcitecounter=\count319
\c@uniquelist=\count320
\c@uniquename=\count321
\c@refsection=\count322
\c@refsegment=\count323
\c@maxextratitle=\count324
\c@maxextratitleyear=\count325
\c@maxextraname=\count326
\c@maxextradate=\count327
\c@maxextraalpha=\count328
\c@abbrvpenalty=\count329
\c@highnamepenalty=\count330
\c@lownamepenalty=\count331
\c@maxparens=\count332
\c@parenlevel=\count333
\blx@tempcnta=\count334
\blx@tempcntb=\count335
\blx@tempcntc=\count336
\c@blx@maxsection=\count337
\blx@maxsegment@0=\count338
\blx@notetype=\count339
\blx@parenlevel@text=\count340
\blx@parenlevel@foot=\count341
\blx@sectionciteorder@0=\count342
\blx@sectionciteorderinternal@0=\count343
\blx@entrysetcounter=\count344
\blx@biblioinstance=\count345
\labelnumberwidth=\skip68
\labelalphawidth=\skip69
\biblabelsep=\skip70
\bibitemsep=\skip71
\bibnamesep=\skip72
\bibinitsep=\skip73
\bibparsep=\skip74
\bibhang=\skip75
\blx@bcfin=\read5
\blx@bcfout=\write5
\blx@langwohyphens=\language88
\c@mincomprange=\count346
\c@maxcomprange=\count347
\c@mincompwidth=\count348
Package biblatex Info: Trying to load biblatex default data model...
Package biblatex Info: ... file 'blx-dm.def' found.

(/nix/store/vmjws23qz6xnl353mysiqmzl39ril33l-texlive-combined-2022-texmfdist/te
x/latex/biblatex/blx-dm.def
File: blx-dm.def 2023/03/05 v3.19 biblatex localization (PK/MW)
)
Package biblatex Info: Trying to load biblatex style data model...
Package biblatex Info: ... file 'ieee.dbx' not found.
Package biblatex Info: Trying to load biblatex custom data model...
Package biblatex Info: ... file 'biblatex-dm.cfg' not found.
\c@afterword=\count349
\c@savedafterword=\count350
\c@annotator=\count351
\c@savedannotator=\count352
\c@author=\count353
\c@savedauthor=\count354
\c@bookauthor=\count355
\c@savedbookauthor=\count356
\c@commentator=\count357
\c@savedcommentator=\count358
\c@editor=\count359
\c@savededitor=\count360
\c@editora=\count361
\c@savededitora=\count362
\c@editorb=\count363
\c@savededitorb=\count364
\c@editorc=\count365
\c@savededitorc=\count366
\c@foreword=\count367
\c@savedforeword=\count368
\c@holder=\count369
\c@savedholder=\count370
\c@introduction=\count371
\c@savedintroduction=\count372
\c@namea=\count373
\c@savednamea=\count374
\c@nameb=\count375
\c@savednameb=\count376
\c@namec=\count377
\c@savednamec=\count378
\c@translator=\count379
\c@savedtranslator=\count380
\c@shortauthor=\count381
\c@savedshortauthor=\count382
\c@shorteditor=\count383
\c@savedshorteditor=\count384
\c@labelname=\count385
\c@savedlabelname=\count386
\c@institution=\count387
\c@savedinstitution=\count388
\c@lista=\count389
\c@savedlista=\count390
\c@listb=\count391
\c@savedlistb=\count392
\c@listc=\count393
\c@savedlistc=\count394
\c@listd=\count395
\c@savedlistd=\count396
\c@liste=\count397
\c@savedliste=\count398
\c@listf=\count399
\c@savedlistf=\count400
\c@location=\count401
\c@savedlocation=\count402
\c@organization=\count403
\c@savedorganization=\count404
\c@origlocation=\count405
\c@savedoriglocation=\count406
\c@origpublisher=\count407
\c@savedorigpublisher=\count408
\c@publisher=\count409
\c@savedpublisher=\count410
\c@language=\count411
\c@savedlanguage=\count412
\c@origlanguage=\count413
\c@savedoriglanguage=\count414
\c@pageref=\count415
\c@savedpageref=\count416
\shorthandwidth=\skip76
\shortjournalwidth=\skip77
\shortserieswidth=\skip78
\shorttitlewidth=\skip79
\shortauthorwidth=\skip80
\shorteditorwidth=\skip81
\locallabelnumberwidth=\skip82
\locallabelalphawidth=\skip83
\localshorthandwidth=\skip84
\localshortjournalwidth=\skip85
\localshortserieswidth=\skip86
\localshorttitlewidth=\skip87
\localshortauthorwidth=\skip88
\localshorteditorwidth=\skip89
Package biblatex Info: Trying to load compatibility code...
Package biblatex Info: ... file 'blx-compat.def' found.

(/nix/store/vmjws23qz6xnl353mysiqmzl39ril33l-texlive-combined-2022-texmfdist/te
x/latex/biblatex/blx-compat.def
File: blx-compat.def 2023/03/05 v3.19 biblatex compatibility (PK/MW)
)
Package biblatex Info: Trying to load generic definitions...
Package biblatex Info: ... file 'biblatex.def' found.

(/nix/store/vmjws23qz6xnl353mysiqmzl39ril33l-texlive-combined-2022-texmfdist/te
x/latex/biblatex/biblatex.def
File: biblatex.def 2023/03/05 v3.19 biblatex compatibility (PK/MW)
\c@textcitecount=\count417
\c@textcitetotal=\count418
\c@textcitemaxnames=\count419
\c@biburlbigbreakpenalty=\count420
\c@biburlbreakpenalty=\count421
\c@biburlnumpenalty=\count422
\c@biburlucpenalty=\count423
\c@biburllcpenalty=\count424
\biburlbigskip=\muskip18
\biburlnumskip=\muskip19
\biburlucskip=\muskip20
\biburllcskip=\muskip21
\c@smartand=\count425
)
Package biblatex Info: Trying to load bibliography style 'ieee'...
Package biblatex Info: ... file 'ieee.bbx' found.

(/nix/store/vmjws23qz6xnl353mysiqmzl39ril33l-texlive-combined-2022-texmfdist/te
x/latex/biblatex-ieee/ieee.bbx
File: ieee.bbx 2021/12/06 v1.3f biblatex bibliography style
Package biblatex Info: Trying to load bibliography style 'numeric-comp'...
Package biblatex Info: ... file 'numeric-comp.bbx' found.

(/nix/store/vmjws23qz6xnl353mysiqmzl39ril33l-texlive-combined-2022-texmfdist/te
x/latex/biblatex/bbx/numeric-comp.bbx
File: numeric-comp.bbx 2023/03/05 v3.19 biblatex bibliography style (PK/MW)
Package biblatex Info: Trying to load bibliography style 'numeric'...
Package biblatex Info: ... file 'numeric.bbx' found.

(/nix/store/vmjws23qz6xnl353mysiqmzl39ril33l-texlive-combined-2022-texmfdist/te
x/latex/biblatex/bbx/numeric.bbx
File: numeric.bbx 2023/03/05 v3.19 biblatex bibliography style (PK/MW)
Package biblatex Info: Trying to load bibliography style 'standard'...
Package biblatex Info: ... file 'standard.bbx' found.

(/nix/store/vmjws23qz6xnl353mysiqmzl39ril33l-texlive-combined-2022-texmfdist/te
x/latex/biblatex/bbx/standard.bbx
File: standard.bbx 2023/03/05 v3.19 biblatex bibliography style (PK/MW)
\c@bbx:relatedcount=\count426
\c@bbx:relatedtotal=\count427
))))
Package biblatex Info: Trying to load citation style 'ieee'...
Package biblatex Info: ... file 'ieee.cbx' found.

(/nix/store/vmjws23qz6xnl353mysiqmzl39ril33l-texlive-combined-2022-texmfdist/te
x/latex/biblatex-ieee/ieee.cbx
File: ieee.cbx 2021/12/06 v1.3f biblatex citation style
Package biblatex Info: Trying to load citation style 'numeric-comp'...
Package biblatex Info: ... file 'numeric-comp.cbx' found.

(/nix/store/vmjws23qz6xnl353mysiqmzl39ril33l-texlive-combined-2022-texmfdist/te
x/latex/biblatex/cbx/numeric-comp.cbx
File: numeric-comp.cbx 2023/03/05 v3.19 biblatex citation style (PK/MW)
\c@cbx@tempcnta=\count428
\c@cbx@tempcntb=\count429
\c@cbx@tempcntc=\count430
\c@cbx@tempcntd=\count431
Package biblatex Info: Redefining '\cite'.
Package biblatex Info: Redefining '\parencite'.
Package biblatex Info: Redefining '\footcite'.
Package biblatex Info: Redefining '\footcitetext'.
Package biblatex Info: Redefining '\smartcite'.
Package biblatex Info: Redefining '\supercite'.
Package biblatex Info: Redefining '\textcite'.
Package biblatex Info: Redefining '\textcites'.
Package biblatex Info: Redefining '\cites'.
Package biblatex Info: Redefining '\parencites'.
Package biblatex Info: Redefining '\smartcites'.
)
Package biblatex Info: Redefining '\cite'.
Package biblatex Info: Redefining '\supercite'.
Package biblatex Info: Redefining '\cites'.
)
Package biblatex Info: Trying to load configuration file...
Package biblatex Info: ... file 'biblatex.cfg' found.

(/nix/store/vmjws23qz6xnl353mysiqmzl39ril33l-texlive-combined-2022-texmfdist/te
x/latex/biblatex/biblatex.cfg
File: biblatex.cfg 
)
Package biblatex Info: Input encoding 'utf8' detected.
Package biblatex Info: Document encoding is UTF8 ....

(/nix/store/vmjws23qz6xnl353mysiqmzl39ril33l-texlive-combined-2022-texmfdist/te
x/latex/l3kernel/expl3.sty
Package: expl3 2023-02-22 L3 programming layer (loader) 

(/nix/store/vmjws23qz6xnl353mysiqmzl39ril33l-texlive-combined-2022-texmfdist/te
x/latex/l3backend/l3backend-pdftex.def
File: l3backend-pdftex.def 2023-01-16 L3 backend support: PDF output (pdfTeX)
\l__color_backend_stack_int=\count432
\l__pdf_internal_box=\box58
))
Package biblatex Info: ... and expl3
(biblatex)             2023-02-22 L3 programming layer (loader) 
(biblatex)             is new enough (at least 2020/04/06),
(biblatex)             setting 'casechanger=expl3'.

(/nix/store/vmjws23qz6xnl353mysiqmzl39ril33l-texlive-combined-2022-texmfdist/te
x/latex/biblatex/blx-case-expl3.sty
(/nix/store/vmjws23qz6xnl353mysiqmzl39ril33l-texlive-combined-2022-texmfdist/te
x/latex/l3packages/xparse/xparse.sty
Package: xparse 2023-02-02 L3 Experimental document command parser
)
Package: blx-case-expl3 2023/03/05 v3.19 expl3 case changing code for biblatex
))
(/nix/store/vmjws23qz6xnl353mysiqmzl39ril33l-texlive-combined-2022-texmfdist/te
x/latex/fvextra/fvextra.sty
Package: fvextra 2022/11/30 v1.5 fvextra - extensions and patches for fancyvrb

(/nix/store/vmjws23qz6xnl353mysiqmzl39ril33l-texlive-combined-2022-texmfdist/te
x/latex/fancyvrb/fancyvrb.sty
Package: fancyvrb 2023/01/19 4.5a verbatim text (tvz,hv)
\FV@CodeLineNo=\count433
\FV@InFile=\read6
\FV@TabBox=\box59
\c@FancyVerbLine=\count434
\FV@StepNumber=\count435
\FV@OutFile=\write6
)
(/nix/store/vmjws23qz6xnl353mysiqmzl39ril33l-texlive-combined-2022-texmfdist/te
x/latex/upquote/upquote.sty
Package: upquote 2012/04/19 v1.3 upright-quote and grave-accent glyphs in verba
tim

(/nix/store/vmjws23qz6xnl353mysiqmzl39ril33l-texlive-combined-2022-texmfdist/te
x/latex/base/textcomp.sty
Package: textcomp 2020/02/02 v2.0n Standard LaTeX package
))
(/nix/store/vmjws23qz6xnl353mysiqmzl39ril33l-texlive-combined-2022-texmfdist/te
x/latex/lineno/lineno.sty
Package: lineno 2023/01/19 line numbers on paragraphs v5.1
\linenopenalty=\count436
\output=\toks38
\linenoprevgraf=\count437
\linenumbersep=\dimen177
\linenumberwidth=\dimen178
\c@linenumber=\count438
\c@pagewiselinenumber=\count439
\c@LN@truepage=\count440
\c@internallinenumber=\count441
\c@internallinenumbers=\count442
\quotelinenumbersep=\dimen179
\bframerule=\dimen180
\bframesep=\dimen181
\bframebox=\box60
\linenoamsmath@ams@eqpen=\count443
LaTeX Info: Redefining \\ on input line 3131.
)
\c@FV@TrueTabGroupLevel=\count444
\c@FV@TrueTabCounter=\count445
\FV@TabBox@Group=\box61
\FV@TmpLength=\skip90
\c@FV@HighlightLinesStart=\count446
\c@FV@HighlightLinesStop=\count447
\FV@LoopCount=\count448
\FV@NCharsBox=\box62
\FV@BreakIndent=\dimen182
\FV@BreakIndentNChars=\count449
\FV@BreakSymbolSepLeft=\dimen183
\FV@BreakSymbolSepLeftNChars=\count450
\FV@BreakSymbolSepRight=\dimen184
\FV@BreakSymbolSepRightNChars=\count451
\FV@BreakSymbolIndentLeft=\dimen185
\FV@BreakSymbolIndentLeftNChars=\count452
\FV@BreakSymbolIndentRight=\dimen186
\FV@BreakSymbolIndentRightNChars=\count453
\c@FancyVerbLineBreakLast=\count454
\FV@LineBox=\box63
\FV@LineIndentBox=\box64
\c@FV@BreakBufferDepth=\count455
\FV@LineWidth=\dimen187
)
(/nix/store/vmjws23qz6xnl353mysiqmzl39ril33l-texlive-combined-2022-texmfdist/te
x/latex/csquotes/csquotes.sty
Package: csquotes 2022-09-14 v5.2n context-sensitive quotations (JAW)
\csq@reset=\count456
\csq@gtype=\count457
\csq@glevel=\count458
\csq@qlevel=\count459
\csq@maxlvl=\count460
\csq@tshold=\count461
\csq@ltx@everypar=\toks39

(/nix/store/vmjws23qz6xnl353mysiqmzl39ril33l-texlive-combined-2022-texmfdist/te
x/latex/csquotes/csquotes.def
File: csquotes.def 2022-09-14 v5.2n csquotes generic definitions (JAW)
)
Package csquotes Info: Trying to load configuration file 'csquotes.cfg'...
Package csquotes Info: ... configuration file loaded successfully.

(/nix/store/vmjws23qz6xnl353mysiqmzl39ril33l-texlive-combined-2022-texmfdist/te
x/latex/csquotes/csquotes.cfg
File: csquotes.cfg 
)))
(/nix/store/vmjws23qz6xnl353mysiqmzl39ril33l-texlive-combined-2022-texmfdist/te
x/latex/float/float.sty
Package: float 2001/11/08 v1.3d Float enhancements (AL)
\c@float@type=\count462
\float@exts=\toks40
\float@box=\box65
\@float@everytoks=\toks41
\@floatcapt=\box66
)
(/nix/store/vmjws23qz6xnl353mysiqmzl39ril33l-texlive-combined-2022-texmfdist/te
x/latex/subfig/subfig.sty
Package: subfig 2005/06/28 ver: 1.3 subfig package

(/nix/store/vmjws23qz6xnl353mysiqmzl39ril33l-texlive-combined-2022-texmfdist/te
x/latex/caption/caption3.sty
Package: caption3 2022/03/17 v2.3b caption3 kernel (AR)
\caption@tempdima=\dimen188
\captionmargin=\dimen189
\caption@leftmargin=\dimen190
\caption@rightmargin=\dimen191
\caption@width=\dimen192
\caption@indent=\dimen193
\caption@parindent=\dimen194
\caption@hangindent=\dimen195
Package caption Info: Standard document class detected.
)
\c@KVtest=\count463
\sf@farskip=\skip91
\sf@captopadj=\dimen196
\sf@capskip=\skip92
\sf@nearskip=\skip93
\c@subfigure=\count464
\c@subfigure@save=\count465
\c@lofdepth=\count466
\c@subtable=\count467
\c@subtable@save=\count468
\c@lotdepth=\count469
\sf@top=\skip94
\sf@bottom=\skip95
)
(/nix/store/vmjws23qz6xnl353mysiqmzl39ril33l-texlive-combined-2022-texmfdist/te
x/latex/graphics/lscape.sty
Package: lscape 2020/05/28 v3.02 Landscape Pages (DPC)
)
(/nix/store/vmjws23qz6xnl353mysiqmzl39ril33l-texlive-combined-2022-texmfdist/te
x/latex/svg/svg.sty
Package: svg 2020/11/26 v2.02k (include SVG pictures)

(/nix/store/vmjws23qz6xnl353mysiqmzl39ril33l-texlive-combined-2022-texmfdist/te
x/latex/trimspaces/trimspaces.sty
Package: trimspaces 2009/09/17 v1.1 Trim spaces around a token list
)
(/nix/store/vmjws23qz6xnl353mysiqmzl39ril33l-texlive-combined-2022-texmfdist/te
x/latex/tools/shellesc.sty
Package: shellesc 2019/11/08 v1.0c unified shell escape interface for LaTeX
Package shellesc Info: Unrestricted shell escape enabled on input line 75.
)
(/nix/store/vmjws23qz6xnl353mysiqmzl39ril33l-texlive-combined-2022-texmfdist/te
x/latex/ifplatform/ifplatform.sty
Package: ifplatform 2017/10/13 v0.4a Testing for the operating system

(/nix/store/vmjws23qz6xnl353mysiqmzl39ril33l-texlive-combined-2022-texmfdist/te
x/generic/catchfile/catchfile.sty
Package: catchfile 2019/12/09 v1.8 Catch the contents of a file (HO)
)
runsystem(uname -s > "thesis.w18")...executed.

 (./thesis.w18)
runsystem(rm -- "thesis.w18")...executed.

)
\c@svg@param@lastpage=\count470
\svg@box=\box67
\c@svg@param@currpage=\count471
)
(/nix/store/vmjws23qz6xnl353mysiqmzl39ril33l-texlive-combined-2022-texmfdist/te
x/latex/transparent/transparent.sty
Package: transparent 2022-10-27 v1.5 Transparency with color stacks

(/nix/store/vmjws23qz6xnl353mysiqmzl39ril33l-texlive-combined-2022-texmfdist/te
x/latex/transparent/transparent-nometadata.sty
Package: transparent-nometadata 2022-10-27 v1.5 Transparency via pdfTeX's color
 stack (HO)
))
(/nix/store/vmjws23qz6xnl353mysiqmzl39ril33l-texlive-combined-2022-texmfdist/te
x/latex/pgf/systemlayer/pgfsys.sty
(/nix/store/vmjws23qz6xnl353mysiqmzl39ril33l-texlive-combined-2022-texmfdist/te
x/latex/pgf/utilities/pgfrcs.sty
(/nix/store/vmjws23qz6xnl353mysiqmzl39ril33l-texlive-combined-2022-texmfdist/te
x/generic/pgf/utilities/pgfutil-common.tex
\pgfutil@everybye=\toks42
\pgfutil@tempdima=\dimen197
\pgfutil@tempdimb=\dimen198
)
(/nix/store/vmjws23qz6xnl353mysiqmzl39ril33l-texlive-combined-2022-texmfdist/te
x/generic/pgf/utilities/pgfutil-latex.def
\pgfutil@abb=\box68
)
(/nix/store/vmjws23qz6xnl353mysiqmzl39ril33l-texlive-combined-2022-texmfdist/te
x/generic/pgf/utilities/pgfrcs.code.tex
(/nix/store/vmjws23qz6xnl353mysiqmzl39ril33l-texlive-combined-2022-texmfdist/te
x/generic/pgf/pgf.revision.tex)
Package: pgfrcs 2023-01-15 v3.1.10 (3.1.10)
))
(/nix/store/vmjws23qz6xnl353mysiqmzl39ril33l-texlive-combined-2022-texmfdist/te
x/generic/pgf/systemlayer/pgfsys.code.tex
Package: pgfsys 2023-01-15 v3.1.10 (3.1.10)

(/nix/store/vmjws23qz6xnl353mysiqmzl39ril33l-texlive-combined-2022-texmfdist/te
x/generic/pgf/utilities/pgfkeys.code.tex
\pgfkeys@pathtoks=\toks43
\pgfkeys@temptoks=\toks44

(/nix/store/vmjws23qz6xnl353mysiqmzl39ril33l-texlive-combined-2022-texmfdist/te
x/generic/pgf/utilities/pgfkeyslibraryfiltered.code.tex
\pgfkeys@tmptoks=\toks45
))
\pgf@x=\dimen199
\pgf@y=\dimen256
\pgf@xa=\dimen257
\pgf@ya=\dimen258
\pgf@xb=\dimen259
\pgf@yb=\dimen260
\pgf@xc=\dimen261
\pgf@yc=\dimen262
\pgf@xd=\dimen263
\pgf@yd=\dimen264
\w@pgf@writea=\write7
\r@pgf@reada=\read7
\c@pgf@counta=\count472
\c@pgf@countb=\count473
\c@pgf@countc=\count474
\c@pgf@countd=\count475
\t@pgf@toka=\toks46
\t@pgf@tokb=\toks47
\t@pgf@tokc=\toks48
\pgf@sys@id@count=\count476

(/nix/store/vmjws23qz6xnl353mysiqmzl39ril33l-texlive-combined-2022-texmfdist/te
x/generic/pgf/systemlayer/pgf.cfg
File: pgf.cfg 2023-01-15 v3.1.10 (3.1.10)
)
Driver file for pgf: pgfsys-pdftex.def

(/nix/store/vmjws23qz6xnl353mysiqmzl39ril33l-texlive-combined-2022-texmfdist/te
x/generic/pgf/systemlayer/pgfsys-pdftex.def
File: pgfsys-pdftex.def 2023-01-15 v3.1.10 (3.1.10)

(/nix/store/vmjws23qz6xnl353mysiqmzl39ril33l-texlive-combined-2022-texmfdist/te
x/generic/pgf/systemlayer/pgfsys-common-pdf.def
File: pgfsys-common-pdf.def 2023-01-15 v3.1.10 (3.1.10)
)))
(/nix/store/vmjws23qz6xnl353mysiqmzl39ril33l-texlive-combined-2022-texmfdist/te
x/generic/pgf/systemlayer/pgfsyssoftpath.code.tex
File: pgfsyssoftpath.code.tex 2023-01-15 v3.1.10 (3.1.10)
\pgfsyssoftpath@smallbuffer@items=\count477
\pgfsyssoftpath@bigbuffer@items=\count478
)
(/nix/store/vmjws23qz6xnl353mysiqmzl39ril33l-texlive-combined-2022-texmfdist/te
x/generic/pgf/systemlayer/pgfsysprotocol.code.tex
File: pgfsysprotocol.code.tex 2023-01-15 v3.1.10 (3.1.10)
))
\@float@every@algorithm=\toks49
\c@algorithm=\count479
Package csquotes Info: Checking for multilingual support...
Package csquotes Info: ... found 'babel' package.
Package csquotes Info: Adjusting default style.
Package csquotes Info: Redefining alias 'default' -> 'english'.

(/nix/store/vmjws23qz6xnl353mysiqmzl39ril33l-texlive-combined-2022-texmfdist/te
x/latex/datetime2/datetime2.sty
Package: datetime2 2021/03/21 v1.5.7 (NLCT) date and time formats

(/nix/store/vmjws23qz6xnl353mysiqmzl39ril33l-texlive-combined-2022-texmfdist/te
x/latex/tracklang/tracklang.sty
Package: tracklang 2022/12/13 v1.6.1 (NLCT) Track Languages

(/nix/store/vmjws23qz6xnl353mysiqmzl39ril33l-texlive-combined-2022-texmfdist/te
x/generic/tracklang/tracklang.tex))
(/nix/store/vmjws23qz6xnl353mysiqmzl39ril33l-texlive-combined-2022-texmfdist/te
x/latex/datetime2-english/datetime2-english.ldf
File: datetime2-english.ldf 2019/10/21 v1.05 (NLCT)

(/nix/store/vmjws23qz6xnl353mysiqmzl39ril33l-texlive-combined-2022-texmfdist/te
x/latex/datetime2-english/datetime2-english-base.ldf
File: datetime2-english-base.ldf 2019/10/21 v1.05 (NLCT)
))
(/nix/store/vmjws23qz6xnl353mysiqmzl39ril33l-texlive-combined-2022-texmfdist/te
x/latex/datetime2-finnish/datetime2-finnish.ldf
File: datetime2-finnish.ldf 2018/03/20 v1.2

(/nix/store/vmjws23qz6xnl353mysiqmzl39ril33l-texlive-combined-2022-texmfdist/te
x/latex/datetime2-finnish/datetime2-finnish-ascii.ldf
File: datetime2-finnish-ascii.ldf 2018/03/20 v1.2
))
(/nix/store/vmjws23qz6xnl353mysiqmzl39ril33l-texlive-combined-2022-texmfdist/te
x/latex/datetime2/datetime2-calc.sty
Package: datetime2-calc 2021/03/21 v1.5.7 (NLCT)

(/nix/store/vmjws23qz6xnl353mysiqmzl39ril33l-texlive-combined-2022-texmfdist/te
x/latex/pgf/utilities/pgfkeys.sty
(/nix/store/vmjws23qz6xnl353mysiqmzl39ril33l-texlive-combined-2022-texmfdist/te
x/generic/pgf/utilities/pgfkeys.code.tex))
(/nix/store/vmjws23qz6xnl353mysiqmzl39ril33l-texlive-combined-2022-texmfdist/te
x/latex/pgf/utilities/pgfcalendar.sty
(/nix/store/vmjws23qz6xnl353mysiqmzl39ril33l-texlive-combined-2022-texmfdist/te
x/generic/pgf/utilities/pgfcalendar.code.tex
File: pgfcalendar.code.tex 2023-01-15 v3.1.10 (3.1.10)

(/nix/store/vmjws23qz6xnl353mysiqmzl39ril33l-texlive-combined-2022-texmfdist/te
x/generic/pgf/math/pgfint.code.tex)
\pgfcalendarcurrentjulian=\count480
\pgf@cal@easter@Y=\count481
\pgf@cal@easter@G=\count482
\pgf@cal@easter@C=\count483
\pgf@cal@easter@X=\count484
\pgf@cal@easter@Z=\count485
\pgf@cal@easter@D=\count486
\pgf@cal@easter@E=\count487
\pgf@cal@easter@N=\count488
\pgf@cal@easter@M=\count489
\pgf@cal@easter@julianday=\count490
))
\@dtm@julianday=\count491
)) (./thesis.aux

LaTeX Warning: Label `queries' multiply defined.

)
\openout1 = `thesis.aux'.

LaTeX Font Info:    Checking defaults for OML/cmm/m/it on input line 35.
LaTeX Font Info:    ... okay on input line 35.
LaTeX Font Info:    Checking defaults for OMS/cmsy/m/n on input line 35.
LaTeX Font Info:    ... okay on input line 35.
LaTeX Font Info:    Checking defaults for OT1/cmr/m/n on input line 35.
LaTeX Font Info:    ... okay on input line 35.
LaTeX Font Info:    Checking defaults for T1/cmr/m/n on input line 35.
LaTeX Font Info:    ... okay on input line 35.
LaTeX Font Info:    Checking defaults for TS1/cmr/m/n on input line 35.
LaTeX Font Info:    ... okay on input line 35.
LaTeX Font Info:    Checking defaults for OMX/cmex/m/n on input line 35.
LaTeX Font Info:    ... okay on input line 35.
LaTeX Font Info:    Checking defaults for U/cmr/m/n on input line 35.
LaTeX Font Info:    ... okay on input line 35.
LaTeX Font Info:    Checking defaults for PD1/pdf/m/n on input line 35.
LaTeX Font Info:    ... okay on input line 35.
LaTeX Font Info:    Checking defaults for PU/pdf/m/n on input line 35.
LaTeX Font Info:    ... okay on input line 35.

(/nix/store/vmjws23qz6xnl353mysiqmzl39ril33l-texlive-combined-2022-texmfdist/te
x/context/base/mkii/supp-pdf.mkii
[Loading MPS to PDF converter (version 2006.09.02).]
\scratchcounter=\count492
\scratchdimen=\dimen265
\scratchbox=\box69
\nofMPsegments=\count493
\nofMParguments=\count494
\everyMPshowfont=\toks50
\MPscratchCnt=\count495
\MPscratchDim=\dimen266
\MPnumerator=\count496
\makeMPintoPDFobject=\count497
\everyMPtoPDFconversion=\toks51
)
(/nix/store/vmjws23qz6xnl353mysiqmzl39ril33l-texlive-combined-2022-texmfdist/te
x/latex/epstopdf-pkg/epstopdf-base.sty
Package: epstopdf-base 2020-01-24 v2.11 Base part for package epstopdf
Package epstopdf-base Info: Redefining graphics rule for `.eps' on input line 4
85.

(/nix/store/vmjws23qz6xnl353mysiqmzl39ril33l-texlive-combined-2022-texmfdist/te
x/latex/latexconfig/epstopdf-sys.cfg
File: epstopdf-sys.cfg 2010/07/13 v1.3 Configuration of (r)epstopdf for TeX Liv
e
))
Package hyperref Info: Link coloring OFF on input line 35.
 (./thesis.out) (./thesis.out)
\@outlinefile=\write8
\openout8 = `thesis.out'.

\c@lstlisting=\count498
Package biblatex Info: Trying to load language 'english'...
Package biblatex Info: ... file 'english.lbx' found.

(/nix/store/vmjws23qz6xnl353mysiqmzl39ril33l-texlive-combined-2022-texmfdist/te
x/latex/biblatex/lbx/english.lbx
File: english.lbx 2023/03/05 v3.19 biblatex localization (PK/MW)
)
Package biblatex Info: Trying to load language 'finnish'...
Package biblatex Info: ... file 'finnish.lbx' found.

(/nix/store/vmjws23qz6xnl353mysiqmzl39ril33l-texlive-combined-2022-texmfdist/te
x/latex/biblatex/lbx/finnish.lbx
File: finnish.lbx 2023/03/05 v3.19 biblatex localization (PK/MW)
)
Package biblatex Info: Input encoding 'utf8' detected.
Package biblatex Info: Automatic encoding selection.
(biblatex)             Assuming data encoding 'utf8'.
\openout5 = `thesis.bcf'.

Package biblatex Info: Trying to load bibliographic data...
Package biblatex Info: ... file 'thesis.bbl' found.
 (./thesis.bbl
! Illegal parameter number in definition of \NewValue.
<to be read again> 
                   x
l.42 ...G}{N}{U} {G}uix --- packages.guix.gnu.org}
                                                  
? 
! Illegal parameter number in definition of \abx@field@title.
<to be read again> 
                   x
l.43     \endentry
                  
? 
)
Package biblatex Info: Reference section=0 on input line 35.
Package biblatex Info: Reference segment=0 on input line 35.
Package caption Info: Begin \AtBeginDocument code.
Package caption Info: subfig package v1.3 is loaded.
Package caption Info: End \AtBeginDocument code.
 (|'inkscape' -V )

Package svg Warning: No version of Inkscape was detected by invoking
(svg)                `inkscape -V'
(svg)                so the Inkscape export will fail quite sure as the
(svg)                command is probably unknown to your OS. You could set
(svg)                `inkscapeversion=<version>' manually but this is very
(svg)                unlikely to work on input line 35.

[1

] (./abstract.tex
Underfull \hbox (badness 10000) in paragraph at lines 3--4

 []

[2


]) (./thesis.toc
LaTeX Font Info:    Trying to load font information for U+msa on input line 8.

(/nix/store/vmjws23qz6xnl353mysiqmzl39ril33l-texlive-combined-2022-texmfdist/te
x/latex/amsfonts/umsa.fd
File: umsa.fd 2013/01/14 v3.01 AMS symbols A
)
LaTeX Font Info:    Trying to load font information for U+msb on input line 8.

(/nix/store/vmjws23qz6xnl353mysiqmzl39ril33l-texlive-combined-2022-texmfdist/te
x/latex/amsfonts/umsb.fd
File: umsb.fd 2013/01/14 v3.01 AMS symbols B
) [1


])
\tf@toc=\write9
\openout9 = `thesis.toc'.

 [2] (./thesis.lof)
\tf@lof=\write10
\openout10 = `thesis.lof'.

 [3

] (./thesis.lot)
\tf@lot=\write11
\openout11 = `thesis.lot'.


(./thesis.nls) (./johdanto.tex [4

]

Package fancyhdr Warning: \fancyhead's `E' option without twoside option is use
less.
(fancyhdr)                Please consider using the `twoside' option on input l
ine 1.


Package fancyhdr Warning: \fancyhead's `E' option without twoside option is use
less.
(fancyhdr)                Please consider using the `twoside' option on input l
ine 1.

\relax  1.
! Illegal parameter number in definition of \abx@field@title.
<to be read again> 
                   x
l.4 ...ts called packages \cite{gnuPackagesx2014}.
                                                   A package
? 
! Illegal parameter number in definition of \abx@field@title.
<to be read again> 
                   x
l.8 ... user environments \cite{gnuPackagesx2014}.
                                                   Every Linux
? 
[1


]
! Illegal parameter number in definition of \abx@field@title.
<to be read again> 
                   x
l.52 28 000 packages \cite{gnuPackagesx2014}.
                                              Guix has some improvements
? 
[2] [3] [4] [5]) (./research.tex) (./imperative.tex [6]
\relax  2.
[7

] [8]
LaTeX Font Info:    Trying to load font information for T1+cmtt on input line 7
8.

(/nix/store/vmjws23qz6xnl353mysiqmzl39ril33l-texlive-combined-2022-texmfdist/te
x/latex/base/t1cmtt.fd
File: t1cmtt.fd 2022/07/10 v2.5l Standard LaTeX font definitions
)
<latex/kuvat/cropped_apt_output.jpg, id=420, 182.1204pt x 21.681pt>
File: latex/kuvat/cropped_apt_output.jpg Graphic file (type jpg)
<use latex/kuvat/cropped_apt_output.jpg>
Package pdftex.def Info: latex/kuvat/cropped_apt_output.jpg  used on input line
 106.
(pdftex.def)             Requested size: 364.2399pt x 43.36188pt.
 [9
pdfTeX warning (ext4): destination with the same identifier (name{figure.2.1}) 
has been already used, duplicate ignored
<argument> ...shipout:D \box_use:N \l_shipout_box 
                                                  \__shipout_drop_firstpage_...
l.123 \end{figure}
                   <./latex/kuvat/cropped_apt_output.jpg>] [10] [11]
LaTeX Font Info:    Trying to load font information for TS1+cmtt on input line 
248.

(/nix/store/vmjws23qz6xnl353mysiqmzl39ril33l-texlive-combined-2022-texmfdist/te
x/latex/base/ts1cmtt.fd
File: ts1cmtt.fd 2022/07/10 v2.5l Standard LaTeX font definitions
) [12]
<./svg-inkscape/symlinks.drawio_svg-raw.pdf, id=485, 594.72188pt x 324.46219pt>

File: ./svg-inkscape/symlinks.drawio_svg-raw.pdf Graphic file (type pdf)
<use ./svg-inkscape/symlinks.drawio_svg-raw.pdf>
Package pdftex.def Info: ./svg-inkscape/symlinks.drawio_svg-raw.pdf  used on in
put line 287.
(pdftex.def)             Requested size: 594.72043pt x 324.46138pt.
 [13] [14
pdfTeX warning (ext4): destination with the same identifier (name{figure.2.2}) 
has been already used, duplicate ignored
<argument> ...shipout:D \box_use:N \l_shipout_box 
                                                  \__shipout_drop_firstpage_...
l.329 \subsection
                 {Ease of updates} <./svg-inkscape/symlinks.drawio_svg-raw.pdf>
]) (./embedded.tex [15]
\relax  3.
[16

] [17] [18] [19]

Package fancyhdr Warning: \headheight is too small (15.0pt): 
(fancyhdr)                Make it at least 27.11469pt, for example:
(fancyhdr)                \setlength{\headheight}{27.11469pt}.
(fancyhdr)                You might also make \topmargin smaller to compensate:

(fancyhdr)                \addtolength{\topmargin}{-12.11469pt}.

[20]
<./svg-inkscape/ciatriad.drawio_svg-raw.pdf, id=642, 258.11884pt x 220.56555pt>

File: ./svg-inkscape/ciatriad.drawio_svg-raw.pdf Graphic file (type pdf)
<use ./svg-inkscape/ciatriad.drawio_svg-raw.pdf>
Package pdftex.def Info: ./svg-inkscape/ciatriad.drawio_svg-raw.pdf  used on in
put line 192.
(pdftex.def)             Requested size: 258.1182pt x 220.565pt.


Package fancyhdr Warning: \headheight is too small (15.0pt): 
(fancyhdr)                Make it at least 27.11469pt, for example:
(fancyhdr)                \setlength{\headheight}{27.11469pt}.
(fancyhdr)                You might also make \topmargin smaller to compensate:

(fancyhdr)                \addtolength{\topmargin}{-12.11469pt}.

[21
pdfTeX warning (ext4): destination with the same identifier (name{figure.3.1}) 
has been already used, duplicate ignored
<argument> ...shipout:D \box_use:N \l_shipout_box 
                                                  \__shipout_drop_firstpage_...
l.217 I
       t's apparent that Nix can be used to improve embedded device security <.
/svg-inkscape/ciatriad.drawio_svg-raw.pdf>]) (./architecture.tex

Package fancyhdr Warning: \headheight is too small (15.0pt): 
(fancyhdr)                Make it at least 27.11469pt, for example:
(fancyhdr)                \setlength{\headheight}{27.11469pt}.
(fancyhdr)                You might also make \topmargin smaller to compensate:

(fancyhdr)                \addtolength{\topmargin}{-12.11469pt}.

[22]
\relax  4.
[23

] [24] [25] [26]
Overfull \vbox (32.82611pt too high) has occurred while \output is active []


[27]
<latex/kuvat/testimage.jpeg, id=772, 1599.9775pt x 1080.035pt>
File: latex/kuvat/testimage.jpeg Graphic file (type jpg)
<use latex/kuvat/testimage.jpeg>
Package pdftex.def Info: latex/kuvat/testimage.jpeg  used on input line 225.
(pdftex.def)             Requested size: 319.98984pt x 216.00317pt.
 [28]
<./svg-inkscape/architect_svg-raw.pdf, id=786, 445.28859pt x 530.54462pt>
File: ./svg-inkscape/architect_svg-raw.pdf Graphic file (type pdf)
<use ./svg-inkscape/architect_svg-raw.pdf>
Package pdftex.def Info: ./svg-inkscape/architect_svg-raw.pdf  used on input li
ne 246.
(pdftex.def)             Requested size: 445.2875pt x 530.54332pt.

Overfull \hbox (18.49615pt too wide) in paragraph at lines 246--247
[][]
 []

[29
pdfTeX warning (ext4): destination with the same identifier (name{figure.4.1}) 
has been already used, duplicate ignored
<argument> ...shipout:D \box_use:N \l_shipout_box 
                                                  \__shipout_drop_firstpage_...
l.278 
       <./latex/kuvat/testimage.jpeg>] [30
pdfTeX warning (ext4): destination with the same identifier (name{figure.4.2}) 
has been already used, duplicate ignored
<argument> ...shipout:D \box_use:N \l_shipout_box 
                                                  \__shipout_drop_firstpage_...
l.278 
       <./svg-inkscape/architect_svg-raw.pdf>] [31]) (./securitystandpoints.tex
[32]
\relax  5.
[33

] [34] [35] [36] [37] [38]
<./svg-inkscape/queries.drawio_svg-raw.pdf, id=945, 202.88297pt x 279.29344pt>
File: ./svg-inkscape/queries.drawio_svg-raw.pdf Graphic file (type pdf)
<use ./svg-inkscape/queries.drawio_svg-raw.pdf>
Package pdftex.def Info: ./svg-inkscape/queries.drawio_svg-raw.pdf  used on inp
ut line 243.
(pdftex.def)             Requested size: 202.88246pt x 279.29276pt.
 [39] [40
pdfTeX warning (ext4): destination with the same identifier (name{figure.5.1}) 
has been already used, duplicate ignored
<argument> ...shipout:D \box_use:N \l_shipout_box 
                                                  \__shipout_drop_firstpage_...
l.291 
       <./svg-inkscape/queries.drawio_svg-raw.pdf>] [41]) (./analysis.tex
[42]
\relax  6.
[43

] [44] [45]
! Extra alignment tab has been changed to \cr.
<recently read> \endtemplate 
                             
l.81  \hline & & & &
                     S0-S7 & D0-D4 & O0-O4 & A0-A4 \\ & & & & \hline \hline
? 
! Extra alignment tab has been changed to \cr.
<recently read> \endtemplate 
                             
l.81 ...& S0-S7 & D0-D4 & O0-O4 & A0-A4 \\ & & & &
                                                   \hline \hline
? 
! Extra alignment tab has been changed to \cr.
<recently read> \endtemplate 
                             
l.82  & & & &
              Idle & Monitor system & Normal operation & Intercept MQTT
? 
! Extra alignment tab has been changed to \cr.
<recently read> \endtemplate 
                             
l.83  messaging \\ & & & &
                           \hline & & & & Receive media through MQTT &
? 
! Extra alignment tab has been changed to \cr.
<recently read> \endtemplate 
                             
l.83  messaging \\ & & & & \hline & & & &
                                          Receive media through MQTT &
? 
! Extra alignment tab has been changed to \cr.
<recently read> \endtemplate 
                             
l.85  repository \\ & & & &
                            \hline & & & & Set up SystemD services &
? 
! Extra alignment tab has been changed to \cr.
<recently read> \endtemplate 
                             
l.85  repository \\ & & & & \hline & & & &
                                           Set up SystemD services &
? 
! Extra alignment tab has been changed to \cr.
<recently read> \endtemplate 
                             
l.87  to device \\ & & & &
                           \hline & & & & Start Weston & Isolate device &
? 
! Extra alignment tab has been changed to \cr.
<recently read> \endtemplate 
                             
l.87  to device \\ & & & & \hline & & & &
                                          Start Weston & Isolate device &
? 
! Extra alignment tab has been changed to \cr.
<recently read> \endtemplate 
                             
l.89  \\ & & & &
                 \hline & & & & Display media & & & Exploit vulnerabilities
? 
! Extra alignment tab has been changed to \cr.
<recently read> \endtemplate 
                             
l.89  \\ & & & & \hline & & & &
                                Display media & & & Exploit vulnerabilities
? 
! Extra alignment tab has been changed to \cr.
<recently read> \endtemplate 
                             
l.90  in SSH connections \\ & & & &
                                    \hline & & & & Partial loss of system &
? 
! Extra alignment tab has been changed to \cr.
<recently read> \endtemplate 
                             
l.90  in SSH connections \\ & & & & \hline & & & &
                                                   Partial loss of system &
? 
! Extra alignment tab has been changed to \cr.
<recently read> \endtemplate 
                             
l.91  \ & \ & \\ & & & &
                         \hline & & & & Complete loss of system & & & \\ &
? 
! Extra alignment tab has been changed to \cr.
<recently read> \endtemplate 
                             
l.91  \ & \ & \\ & & & & \hline & & & &
                                        Complete loss of system & & & \\ &
? 
! Extra alignment tab has been changed to \cr.
<recently read> \endtemplate 
                             
l.92  & & &
            \hline & & & & & & & \\ & & & & \hline
? 
! Extra alignment tab has been changed to \cr.
<recently read> \endtemplate 
                             
l.92  & & & \hline & & & &
                           & & & \\ & & & & \hline
? 
! Extra alignment tab has been changed to \cr.
<recently read> \endtemplate 
                             
l.92  & & & \hline & & & & & & & \\ & & & &
                                            \hline
? 

Overfull \hbox (21.94543pt too wide) in paragraph at lines 80--96
 [][] 
 []

[46
pdfTeX warning (ext4): destination with the same identifier (name{table.6.1}) h
as been already used, duplicate ignored
<argument> ...shipout:D \box_use:N \l_shipout_box 
                                                  \__shipout_drop_firstpage_...
l.99 \end{landscape}
                    ] [47



pdfTeX warning (ext4): destination with the same identifier (name{table.6.2}) h
as been already used, duplicate ignored
<argument> ...shipout:D \box_use:N \l_shipout_box 
                                                  \__shipout_drop_firstpage_...
l.147 
      ]
<./svg-inkscape/barchart_svg-raw.pdf, id=1048, 385.44pt x 385.44pt>
File: ./svg-inkscape/barchart_svg-raw.pdf Graphic file (type pdf)
<use ./svg-inkscape/barchart_svg-raw.pdf>
Package pdftex.def Info: ./svg-inkscape/barchart_svg-raw.pdf  used on input lin
e 149.
(pdftex.def)             Requested size: 385.43906pt x 385.43906pt.
 [48
pdfTeX warning (ext4): destination with the same identifier (name{figure.6.1}) 
has been already used, duplicate ignored
<argument> ...shipout:D \box_use:N \l_shipout_box 
                                                  \__shipout_drop_firstpage_...
l.171 
       <./svg-inkscape/barchart_svg-raw.pdf>]
<./svg-inkscape/cost_graph_svg-raw.pdf, id=1067, 385.44pt x 385.44pt>
File: ./svg-inkscape/cost_graph_svg-raw.pdf Graphic file (type pdf)
<use ./svg-inkscape/cost_graph_svg-raw.pdf>
Package pdftex.def Info: ./svg-inkscape/cost_graph_svg-raw.pdf  used on input l
ine 173.
(pdftex.def)             Requested size: 385.43906pt x 385.43906pt.
 [49
pdfTeX warning (ext4): destination with the same identifier (name{figure.6.2}) 
has been already used, duplicate ignored
<argument> ...shipout:D \box_use:N \l_shipout_box 
                                                  \__shipout_drop_firstpage_...
l.190 
       <./svg-inkscape/cost_graph_svg-raw.pdf>] [50] [51]) (./further.tex
[52] [53]
\relax  7.
[54

]) (./conclusion.tex [55]
\relax  8.
[56

]) [57]
! Illegal parameter number in definition of \abx@field@title.
<to be read again> 
                   x
l.82 \printbibliography
                       
? 
! You can't use `macro parameter character #' in horizontal mode.
<inserted text> {\NoCaseChange {P}}ackages \&##
                                               x2014; {\NoCaseChange {G}}{\N...
l.82 \printbibliography
                       
? 

Overfull \hbox (33.92497pt too wide) in paragraph at lines 82--82
\T1/cmr/m/it/12 SUSE Leap 15.0 --- doc.opensuse.org\T1/cmr/m/n/12 , []$\T1/cmtt
/m/n/12 https : / / doc . opensuse . org / documentation /
 []


Overfull \hbox (23.62286pt too wide) in paragraph at lines 82--82
[]\T1/cmr/m/n/12 L. Courts, ^^P  D-ploiements re-pro-ductibles dans le temps 
avec gnu guix^^Q, \T1/cmr/m/it/12 GNU/Linux
 []

[58

] [59]
Overfull \hbox (32.40901pt too wide) in paragraph at lines 82--82
[]\T1/cmr/m/n/12 Canonical, \T1/cmr/m/it/12 Ubuntu Man-page: Apt - command-line
 in-ter-face --- man-pages.ubuntu.com\T1/cmr/m/n/12 ,
 []

[60]
Overfull \hbox (5.67918pt too wide) in paragraph at lines 82--82
[]\T1/cmr/m/it/12 Home Man-ager Man-ual --- nix-community.github.io\T1/cmr/m/n/
12 , []$\T1/cmtt/m/n/12 https : / / nix -[] community .
 []

[61]
Overfull \hbox (10.51329pt too wide) in paragraph at lines 82--82
[]\T1/cmr/m/it/12 GitHub - nix-community/nixos-anywhere: In-stall nixos ev-ery-
where via ssh [main-
 []

[62] [63] (./thesis.aux)

LaTeX Warning: There were multiply-defined labels.

Package rerunfilecheck Info: File `thesis.out' has not changed.
(rerunfilecheck)             Checksum: E44373328F9C5006EB7FE3DDA7BD7835;3232.
Package logreq Info: Writing requests to 'thesis.run.xml'.
\openout1 = `thesis.run.xml'.

 ) 
Here is how much of TeX's memory you used:
 37542 strings out of 476024
 706724 string characters out of 5769556
 2042388 words of memory out of 5000000
 57002 multiletter control sequences out of 15000+600000
 530096 words of font info for 76 fonts, out of 8000000 for 9000
 1141 hyphenation exceptions out of 8191
 125i,12n,120p,1055b,3967s stack positions out of 10000i,1000n,20000p,200000b,200000s
{/nix/store/vmjws23qz6xnl353mysiqmzl39ril33l-texlive-combined-2022-texmfdist/
fonts/enc/dvips/cm-super/cm-super-ts1.enc}{/nix/store/vmjws23qz6xnl353mysiqmzl3
9ril33l-texlive-combined-2022-texmfdist/fonts/enc/dvips/cm-super/cm-super-t1.en
c}</nix/store/vmjws23qz6xnl353mysiqmzl39ril33l-texlive-combined-2022-texmfdist/
fonts/type1/public/amsfonts/cm/cmmi12.pfb></nix/store/vmjws23qz6xnl353mysiqmzl3
9ril33l-texlive-combined-2022-texmfdist/fonts/type1/public/amsfonts/cm/cmmi8.pf
b></nix/store/vmjws23qz6xnl353mysiqmzl39ril33l-texlive-combined-2022-texmfdist/
fonts/type1/public/cm-super/sfbx1200.pfb></nix/store/vmjws23qz6xnl353mysiqmzl39
ril33l-texlive-combined-2022-texmfdist/fonts/type1/public/cm-super/sfbx1440.pfb
></nix/store/vmjws23qz6xnl353mysiqmzl39ril33l-texlive-combined-2022-texmfdist/f
onts/type1/public/cm-super/sfbx1728.pfb></nix/store/vmjws23qz6xnl353mysiqmzl39r
il33l-texlive-combined-2022-texmfdist/fonts/type1/public/cm-super/sfbx2488.pfb>
</nix/store/vmjws23qz6xnl353mysiqmzl39ril33l-texlive-combined-2022-texmfdist/fo
nts/type1/public/cm-super/sfcc1200.pfb></nix/store/vmjws23qz6xnl353mysiqmzl39ri
l33l-texlive-combined-2022-texmfdist/fonts/type1/public/cm-super/sfrm0700.pfb><
/nix/store/vmjws23qz6xnl353mysiqmzl39ril33l-texlive-combined-2022-texmfdist/fon
ts/type1/public/cm-super/sfrm0800.pfb></nix/store/vmjws23qz6xnl353mysiqmzl39ril
33l-texlive-combined-2022-texmfdist/fonts/type1/public/cm-super/sfrm1000.pfb></
nix/store/vmjws23qz6xnl353mysiqmzl39ril33l-texlive-combined-2022-texmfdist/font
s/type1/public/cm-super/sfrm1200.pfb></nix/store/vmjws23qz6xnl353mysiqmzl39ril3
3l-texlive-combined-2022-texmfdist/fonts/type1/public/cm-super/sfrm2488.pfb></n
ix/store/vmjws23qz6xnl353mysiqmzl39ril33l-texlive-combined-2022-texmfdist/fonts
/type1/public/cm-super/sfti1200.pfb></nix/store/vmjws23qz6xnl353mysiqmzl39ril33
l-texlive-combined-2022-texmfdist/fonts/type1/public/cm-super/sftt1000.pfb></ni
x/store/vmjws23qz6xnl353mysiqmzl39ril33l-texlive-combined-2022-texmfdist/fonts/
type1/public/cm-super/sftt1200.pfb>
Output written on thesis.pdf (69 pages, 800309 bytes).
PDF statistics:
 1340 PDF objects out of 1440 (max. 8388607)
 1143 compressed objects within 12 object streams
 329 named destinations out of 1000 (max. 500000)
 409 words of extra memory for PDF output out of 10000 (max. 10000000)

