\BOOKMARK [0][-]{chapter.1}{Introduction}{}% 1
\BOOKMARK [1][-]{section.1.1}{Research\040methodologies\040and\040questions}{chapter.1}% 2
\BOOKMARK [2][-]{subsection.1.1.1}{Literature\040review}{section.1.1}% 3
\BOOKMARK [2][-]{subsection.1.1.2}{Research\040questions}{section.1.1}% 4
\BOOKMARK [2][-]{subsection.1.1.3}{Data\040collection\040and\040analysis}{section.1.1}% 5
\BOOKMARK [0][-]{chapter.2}{Declarative\040vs.\040Imperative\040systems}{}% 6
\BOOKMARK [1][-]{section.2.1}{Imperative\040systems}{chapter.2}% 7
\BOOKMARK [2][-]{subsection.2.1.1}{Debian/Apt}{section.2.1}% 8
\BOOKMARK [1][-]{section.2.2}{Declarative\040systems}{chapter.2}% 9
\BOOKMARK [2][-]{subsection.2.2.1}{Non-declarative\040components}{section.2.2}% 10
\BOOKMARK [2][-]{subsection.2.2.2}{Home\040manager\040and\040flakes}{section.2.2}% 11
\BOOKMARK [2][-]{subsection.2.2.3}{Ease\040of\040updates}{section.2.2}% 12
\BOOKMARK [0][-]{chapter.3}{Embedded\040system\040security}{}% 13
\BOOKMARK [1][-]{section.3.1}{Common\040embedded\040pitfalls}{chapter.3}% 14
\BOOKMARK [1][-]{section.3.2}{Nix\040as\040an\040embedded\040solution}{chapter.3}% 15
\BOOKMARK [1][-]{section.3.3}{Imperative\040and\040declarative\040systems\040from\040CIA-triad\040approach}{chapter.3}% 16
\BOOKMARK [0][-]{chapter.4}{Proposed\040architecture\040solution}{}% 17
\BOOKMARK [1][-]{section.4.1}{Server}{chapter.4}% 18
\BOOKMARK [1][-]{section.4.2}{Client}{chapter.4}% 19
\BOOKMARK [2][-]{subsection.4.2.1}{MQTT-client}{section.4.2}% 20
\BOOKMARK [2][-]{subsection.4.2.2}{Weston/XWayland}{section.4.2}% 21
\BOOKMARK [1][-]{section.4.3}{Test\040device}{chapter.4}% 22
\BOOKMARK [1][-]{section.4.4}{Installing\040new\040devices}{chapter.4}% 23
\BOOKMARK [0][-]{chapter.5}{Security\040standpoints}{}% 24
\BOOKMARK [1][-]{section.5.1}{A\040brief\040history\040of\040security\040metrics}{chapter.5}% 25
\BOOKMARK [1][-]{section.5.2}{Choosing\040security\040metrics}{chapter.5}% 26
\BOOKMARK [1][-]{section.5.3}{Measuring\040security}{chapter.5}% 27
\BOOKMARK [1][-]{section.5.4}{Methodologies\040in\040comparison}{chapter.5}% 28
\BOOKMARK [1][-]{section.5.5}{Quantitative\040metrics}{chapter.5}% 29
\BOOKMARK [2][-]{subsection.5.5.1}{QuERIES}{section.5.5}% 30
\BOOKMARK [2][-]{subsection.5.5.2}{QuERIES\040as\040a\040central\040methodology}{section.5.5}% 31
\BOOKMARK [2][-]{subsection.5.5.3}{Partially\040observable\040Markov\040decision\040process}{section.5.5}% 32
\BOOKMARK [0][-]{chapter.6}{Applying\040QuERIES}{}% 33
\BOOKMARK [1][-]{section.6.1}{Modeling\040the\040problem\040and\040quantifying\040the\040models}{chapter.6}% 34
\BOOKMARK [1][-]{section.6.2}{Modeling\040the\040possible\040attacks}{chapter.6}% 35
\BOOKMARK [1][-]{section.6.3}{Using\040the\040results}{chapter.6}% 36
\BOOKMARK [2][-]{subsection.6.3.1}{Improving\040the\040system\040using\040Nix}{section.6.3}% 37
\BOOKMARK [2][-]{subsection.6.3.2}{Issues\040with\040applied\040methodology}{section.6.3}% 38
\BOOKMARK [1][-]{section.6.4}{Generalizing\040the\040results}{chapter.6}% 39
\BOOKMARK [0][-]{chapter.7}{Further\040research}{}% 40
\BOOKMARK [1][-]{section.7.1}{Further\040research\040questions}{chapter.7}% 41
\BOOKMARK [0][-]{chapter.8}{Conclusion}{}% 42
\BOOKMARK [0][-]{chapter*.5}{References}{}% 43
